<?xml version="1.0" encoding="UTF-8"?>
<!-- Generated by org.testng.reporters.JUnitReportReporter -->
<testsuite hostname="DESKTOP-CRT2G8C" failures="0" tests="1" name="Google.GoogleTitle" time="84.988" errors="0" timestamp="9 Aug 2020 11:19:05 GMT">
  <testcase classname="Google.GoogleTitle" name="Title" time="84.988"/>
</testsuite> <!-- Google.GoogleTitle -->
