<?xml version="1.0" encoding="UTF-8"?>
<!-- Generated by org.testng.reporters.JUnitReportReporter -->
<testsuite hostname="DESKTOP-CRT2G8C" failures="0" tests="1" name="Google.GoogleTitle" time="49.786" errors="0" timestamp="09 Aug 2020 11:28:10 GMT" skipped="0">
  <testcase classname="Google.GoogleTitle" name="Title" time="49.786"/>
</testsuite> <!-- Google.GoogleTitle -->
