<?xml version="1.0" encoding="UTF-8"?>
<!-- Generated by org.testng.reporters.JUnitReportReporter -->
<testsuite hostname="DESKTOP-CRT2G8C" failures="0" tests="1" name="mavenDemo.mavenDemo.AppTest" time="0.005" errors="0" timestamp="09 Aug 2020 11:24:49 GMT" skipped="0">
  <testcase classname="mavenDemo.mavenDemo.AppTest" name="testApp" time="0.005"/>
</testsuite> <!-- mavenDemo.mavenDemo.AppTest -->
