<?xml version="1.0" encoding="UTF-8"?>
<!-- Generated by org.testng.reporters.JUnitReportReporter -->
<testsuite hostname="DESKTOP-CRT2G8C" failures="0" tests="1" name="Google.GoogleTitle" time="27.687" errors="0" timestamp="09 Aug 2020 13:52:53 GMT" skipped="0">
  <testcase classname="Google.GoogleTitle" name="Title" time="27.687"/>
</testsuite> <!-- Google.GoogleTitle -->
