<?xml version="1.0" encoding="UTF-8"?>
<!-- Generated by org.testng.reporters.JUnitReportReporter -->
<testsuite hostname="DESKTOP-CRT2G8C" failures="0" tests="1" name="Google.GoogleTitle" time="54.044" errors="0" timestamp="16 Sep 2020 08:26:53 GMT" skipped="0">
  <testcase classname="Google.GoogleTitle" name="Title" time="54.044"/>
</testsuite> <!-- Google.GoogleTitle -->
